<?xml version="1.0" encoding="UTF-8"?>
<testng-results skipped="0" failed="0" ignored="0" total="1" passed="1">
  <reporter-output>
  </reporter-output>
  <suite name="Default suite" duration-ms="14130" started-at="2020-08-11T05:28:14Z" finished-at="2020-08-11T05:28:28Z">
    <groups>
    </groups>
    <test name="Default test" duration-ms="14130" started-at="2020-08-11T05:28:14Z" finished-at="2020-08-11T05:28:28Z">
      <class name="com.nexttech.stepdefs.Actioncourse">
        <test-method status="PASS" signature="clickdropdown()[pri:0, instance:com.nexttech.stepdefs.Actioncourse@d2cc05a]" name="clickdropdown" duration-ms="14117" started-at="2020-08-11T00:28:14Z" finished-at="2020-08-11T00:28:28Z">
          <reporter-output>
          </reporter-output>
        </test-method> <!-- clickdropdown -->
      </class> <!-- com.nexttech.stepdefs.Actioncourse -->
    </test> <!-- Default test -->
  </suite> <!-- Default suite -->
</testng-results>
