<?xml version="1.0" encoding="UTF-8"?>
<!-- Generated by org.testng.reporters.JUnitXMLReporter -->
<testsuite hostname="DESKTOP-GKUJKD2" ignored="0" name="Nopackage" tests="1" failures="1" timestamp="04 Aug 2020 23:57:31 GMT" time="0.258" errors="0">
  <testcase name="feature" time="0.003" classname="cucumber.api.testng.AbstractTestNGCucumberTests">
    <failure type="cucumber.runtime.CucumberException" message="Error parsing feature file login.feature">
      <![CDATA[cucumber.runtime.CucumberException: Error parsing feature file login.feature
	at cucumber.runtime.FeatureBuilder.parse(FeatureBuilder.java:133)
	at cucumber.runtime.model.CucumberFeature.loadFromFeaturePath(CucumberFeature.java:104)
	at cucumber.runtime.model.CucumberFeature.load(CucumberFeature.java:54)
	at cucumber.runtime.model.CucumberFeature.load(CucumberFeature.java:34)
	at cucumber.runtime.RuntimeOptions.cucumberFeatures(RuntimeOptions.java:239)
	at cucumber.api.testng.TestNGCucumberRunner.getFeatures(TestNGCucumberRunner.java:85)
	at cucumber.api.testng.TestNGCucumberRunner.provideFeatures(TestNGCucumberRunner.java:94)
	at cucumber.api.testng.AbstractTestNGCucumberTests.features(AbstractTestNGCucumberTests.java:29)
Caused by: gherkin.parser.ParseError: Parse error at login.feature:27. Found feature when expecting one of: comment, examples, row, scenario, scenario_outline, tag. (Current getState: examples_table).
	at gherkin.parser.Parser$Machine.event(Parser.java:207)
	at gherkin.parser.Parser.event(Parser.java:159)
	at gherkin.parser.Parser.access$100(Parser.java:16)
	at gherkin.parser.Parser$Machine.event(Parser.java:215)
	at gherkin.parser.Parser.event(Parser.java:159)
	at gherkin.parser.Parser.feature(Parser.java:96)
	at gherkin.lexer.En.scan(En.java:744)
	at gherkin.lexer.I18nLexer.scan(I18nLexer.java:36)
	at gherkin.parser.Parser.parse(Parser.java:62)
	at cucumber.runtime.FeatureBuilder.parse(FeatureBuilder.java:131)
	... 36 more
... Removed 29 stack frames]]>
    </failure>
  </testcase> <!-- feature -->
</testsuite> <!-- Nopackage -->
